  bootloader.cc
C:\Users\natha\Programming\apro\mi\peaks\bootloader\bootloader.cc(25,10): fatal error C1083: Cannot open include file: 'stm32f10x_conf.h': No such file or directory
  calibration_data.cc
C:\Users\natha\Programming\apro\mi\peaks\calibration_data.h(32,10): fatal error C1083: Cannot open include file: 'stmlib/stmlib.h': No such file or directory
  adc.cc
C:\Users\natha\Programming\apro\mi\peaks\drivers\adc.h(32,10): fatal error C1083: Cannot open include file: 'stmlib/stmlib.h': No such file or directory
  dac.cc
C:\Users\natha\Programming\apro\mi\peaks\drivers\dac.h(32,10): fatal error C1083: Cannot open include file: 'stm32f10x_conf.h': No such file or directory
  gate_input.cc
C:\Users\natha\Programming\apro\mi\peaks\drivers\gate_input.h(32,10): fatal error C1083: Cannot open include file: 'stmlib/stmlib.h': No such file or directory
  leds.cc
C:\Users\natha\Programming\apro\mi\peaks\drivers\leds.h(32,10): fatal error C1083: Cannot open include file: 'stmlib/stmlib.h': No such file or directory
  switches.cc
C:\Users\natha\Programming\apro\mi\peaks\drivers\switches.h(32,10): fatal error C1083: Cannot open include file: 'stmlib/stmlib.h': No such file or directory
  system.cc
C:\Users\natha\Programming\apro\mi\peaks\drivers\system.h(32,10): fatal error C1083: Cannot open include file: 'stmlib/stmlib.h': No such file or directory
  bass_drum.cc
C:\Users\natha\Programming\apro\mi\peaks\drums\bass_drum.h(32,10): fatal error C1083: Cannot open include file: 'stmlib/stmlib.h': No such file or directory
  fm_drum.cc
C:\Users\natha\Programming\apro\mi\peaks\drums\fm_drum.h(32,10): fatal error C1083: Cannot open include file: 'stmlib/stmlib.h': No such file or directory
  high_hat.cc
C:\Users\natha\Programming\apro\mi\peaks\drums\high_hat.h(32,10): fatal error C1083: Cannot open include file: 'stmlib/stmlib.h': No such file or directory
  snare_drum.cc
C:\Users\natha\Programming\apro\mi\peaks\drums\snare_drum.h(32,10): fatal error C1083: Cannot open include file: 'stmlib/stmlib.h': No such file or directory
  lfo.cc
C:\Users\natha\Programming\apro\mi\peaks\modulations\lfo.h(32,10): fatal error C1083: Cannot open include file: 'stmlib/stmlib.h': No such file or directory
  multistage_envelope.cc
C:\Users\natha\Programming\apro\mi\peaks\modulations\multistage_envelope.h(32,10): fatal error C1083: Cannot open include file: 'stmlib/stmlib.h': No such file or directory
  number_station.cc
C:\Users\natha\Programming\apro\mi\peaks\number_station\number_station.h(32,10): fatal error C1083: Cannot open include file: 'stmlib/stmlib.h': No such file or directory
  peaks.cc
C:\Users\natha\Programming\apro\mi\peaks\peaks.cc(25,10): fatal error C1083: Cannot open include file: 'stm32f10x_conf.h': No such file or directory
  processors.cc
C:\Users\natha\Programming\apro\mi\peaks\processors.h(32,10): fatal error C1083: Cannot open include file: 'stmlib/stmlib.h': No such file or directory
  pulse_randomizer.cc
C:\Users\natha\Programming\apro\mi\peaks\pulse_processor\pulse_randomizer.h(32,10): fatal error C1083: Cannot open include file: 'stmlib/stmlib.h': No such file or directory
  pulse_shaper.cc
C:\Users\natha\Programming\apro\mi\peaks\pulse_processor\pulse_shaper.h(32,10): fatal error C1083: Cannot open include file: 'stmlib/stmlib.h': No such file or directory
  resources.cc
C:\Users\natha\Programming\apro\mi\peaks\resources.h(37,10): fatal error C1083: Cannot open include file: 'stmlib/stmlib.h': No such file or directory
  Generating Code...
  Compiling...
  peaks_test.cc
C:\Users\natha\Programming\apro\mi\peaks\processors.h(32,10): fatal error C1083: Cannot open include file: 'stmlib/stmlib.h': No such file or directory
  ui.cc
C:\Users\natha\Programming\apro\mi\peaks\ui.h(32,10): fatal error C1083: Cannot open include file: 'stmlib/stmlib.h': No such file or directory
  peaks_console.cpp
C:\Users\natha\Programming\apro\mi\peaks\peaks.cc(25,10): fatal error C1083: Cannot open include file: 'stm32f10x_conf.h': No such file or directory
  Generating Code...
